
[0m[2m[35m$[0m [2m[1meslint "src/**/*.ts"[0m
[0m[0m
[0m[4m/home/luke/programs/mizzle/packages/mizzle/src/builders/insert.ts[24m[0m
[0m  [2m42:13[22m  [31merror[39m  'finalItem' is never reassigned. Use 'const' instead  [2mprefer-const[22m[0m
[0m[0m
[0m[4m/home/luke/programs/mizzle/packages/mizzle/src/builders/query-builder.ts[24m[0m
[0m   [2m55:9[22m  [33mwarning[39m  'entityName' is assigned a value but never used     [2m@typescript-eslint/no-unused-vars[22m[0m
[0m   [2m79:2[22m  [31merror[39m    Mixed spaces and tabs                               [2mno-mixed-spaces-and-tabs[22m[0m
[0m  [2m117:9[22m  [31merror[39m    'isQuery' is never reassigned. Use 'const' instead  [2mprefer-const[22m[0m
[0m[0m
[0m[4m/home/luke/programs/mizzle/packages/mizzle/src/builders/relational-builder.ts[24m[0m
[0m  [2m45:50[22m  [31merror[39m  The `{}` ("empty object") type allows any non-nullish value, including literals like `0` and `""`.[0m
[0m- If that's what you want, disable this lint rule with an inline comment or configure the 'allowObjectTypes' rule option.[0m
[0m- If you want a type meaning "any object", you probably want `object` instead.[0m
[0m- If you want a type meaning "any value", you probably want `unknown` instead  [2m@typescript-eslint/no-empty-object-type[22m[0m
[0m[0m
[0m[4m/home/luke/programs/mizzle/packages/mizzle/src/core/column-builder.ts[24m[0m
[0m   [2m28:5[22m  [33mwarning[39m  '_TTableName' is defined but never used                                                                                                                                                                                                                                                                                                                                                    [2m@typescript-eslint/no-unused-vars[22m[0m
[0m  [2m138:5[22m  [31merror[39m    The `{}` ("empty object") type allows any non-nullish value, including literals like `0` and `""`.[0m
[0m- If that's what you want, disable this lint rule with an inline comment or configure the 'allowObjectTypes' rule option.[0m
[0m- If you want a type meaning "any object", you probably want `object` instead.[0m
[0m- If you want a type meaning "any value", you probably want `unknown` instead  [2m@typescript-eslint/no-empty-object-type[22m[0m
[0m[0m
[0m[4m/home/luke/programs/mizzle/packages/mizzle/src/core/column.ts[24m[0m
[0m  [2m11:74[22m  [31merror[39m  The `{}` ("empty object") type allows any non-nullish value, including literals like `0` and `""`.[0m
[0m- If that's what you want, disable this lint rule with an inline comment or configure the 'allowObjectTypes' rule option.[0m
[0m- If you want a type meaning "any object", you probably want `object` instead.[0m
[0m- If you want a type meaning "any value", you probably want `unknown` instead  [2m@typescript-eslint/no-empty-object-type[22m[0m
[0m[0m
[0m[4m/home/luke/programs/mizzle/packages/mizzle/src/core/relations.ts[24m[0m
[0m   [2m59:31[22m  [33mwarning[39m  'TEntity' is defined but never used              [2m@typescript-eslint/no-unused-vars[22m[0m
[0m  [2m130:17[22m  [33mwarning[39m  'key' is assigned a value but never used         [2m@typescript-eslint/no-unused-vars[22m[0m
[0m  [2m139:24[22m  [33mwarning[39m  'entityName' is assigned a value but never used  [2m@typescript-eslint/no-unused-vars[22m[0m
[0m[0m
[0m[4m/home/luke/programs/mizzle/packages/mizzle/src/core/strategies.ts[24m[0m
[0m  [2m8:18[22m  [33mwarning[39m  'PhysicalTable' is defined but never used  [2m@typescript-eslint/no-unused-vars[22m[0m
[0m[0m
[0m[4m/home/luke/programs/mizzle/packages/mizzle/src/core/table.ts[24m[0m
[0m   [2m27:11[22m  [31merror[39m  The `{}` ("empty object") type allows any non-nullish value, including literals like `0` and `""`.[0m
[0m- If that's what you want, disable this lint rule with an inline comment or configure the 'allowObjectTypes' rule option.[0m
[0m- If you want a type meaning "any object", you probably want `object` instead.[0m
[0m- If you want a type meaning "any value", you probably want `unknown` instead  [2m@typescript-eslint/no-empty-object-type[22m[0m
[0m  [2m189:70[22m  [31merror[39m  The `{}` ("empty object") type allows any non-nullish value, including literals like `0` and `""`.[0m
[0m- If that's what you want, disable this lint rule with an inline comment or configure the 'allowObjectTypes' rule option.[0m
[0m- If you want a type meaning "any object", you probably want `object` instead.[0m
[0m- If you want a type meaning "any value", you probably want `unknown` instead  [2m@typescript-eslint/no-empty-object-type[22m[0m
[0m[0m
[0m[31m[1m✖ 14 problems (8 errors, 6 warnings)[22m[39m[0m
[0m[31m[1m[22m[39m[31m[1m  2 errors and 0 warnings potentially fixable with the `--fix` option.[22m[39m[0m
[0m[31m[1m[22m[39m[0m
[0m[31merror[0m[2m:[0m script [1m"lint"[0m exited with code 1[0m
